2019-03-21 10:40:10,147 [8] ERROR ModelBase - GlobalException:Duplicate entry 'BG66-1049' for key 'r'
   at MySql.Data.MySqlClient.MySqlStream.ReadPacket()
   at MySql.Data.MySqlClient.NativeDriver.GetResult(Int32& affectedRow, Int64& insertedId)
   at MySql.Data.MySqlClient.Driver.NextResult(Int32 statementId, Boolean force)
   at MySql.Data.MySqlClient.MySqlDataReader.NextResult()
   at MySql.Data.MySqlClient.MySqlCommand.ExecuteReader(CommandBehavior behavior)
   at MySql.Data.MySqlClient.MySqlCommand.ExecuteNonQuery()
   at Dapper.SqlMapper.ExecuteCommand(IDbConnection cnn, CommandDefinition& command, Action`2 paramReader) in C:\projects\dapper\Dapper\SqlMapper.cs:line 2827
   at Dapper.SqlMapper.ExecuteImpl(IDbConnection cnn, CommandDefinition& command) in C:\projects\dapper\Dapper\SqlMapper.cs:line 570
   at Dapper.SqlMapper.Execute(IDbConnection cnn, String sql, Object param, IDbTransaction transaction, Nullable`1 commandTimeout, Nullable`1 commandType) in C:\projects\dapper\Dapper\SqlMapper.cs:line 443
   at ModelBase.Base.Dapper.DataBase.Execute(String sql, Object param) in F:\NPC\私人\王辉\BaiShengGuangDianNpc\ModelBase\Base\Dapper\DataBase.cs:line 28
   at ApiFlowCardManagement.Controllers.RawMateriaController.PutRawMateria(Int32 id, RawMateria rawMateria) in F:\NPC\私人\王辉\BaiShengGuangDianManager\ApiFlowCardManagement\Controllers\RawMateriaController.cs:line 96
   at lambda_method(Closure , Object , Object[] )
   at Microsoft.Extensions.Internal.ObjectMethodExecutor.Execute(Object target, Object[] parameters)
   at Microsoft.AspNetCore.Mvc.Internal.ActionMethodExecutor.SyncObjectResultExecutor.Execute(IActionResultTypeMapper mapper, ObjectMethodExecutor executor, Object controller, Object[] arguments)
   at Microsoft.AspNetCore.Mvc.Internal.ControllerActionInvoker.InvokeActionMethodAsync()
   at Microsoft.AspNetCore.Mvc.Internal.ControllerActionInvoker.InvokeNextActionFilterAsync()
   at Microsoft.AspNetCore.Mvc.Internal.ControllerActionInvoker.Rethrow(ActionExecutedContext context)
   at Microsoft.AspNetCore.Mvc.Internal.ControllerActionInvoker.Next(State& next, Scope& scope, Object& state, Boolean& isCompleted)
   at Microsoft.AspNetCore.Mvc.Internal.ControllerActionInvoker.InvokeInnerFilterAsync()
   at Microsoft.AspNetCore.Mvc.Internal.ResourceInvoker.InvokeNextExceptionFilterAsync()
2019-03-21 11:24:32,930 [7] ERROR ModelBase - GlobalException:Unknown column 'RawMateriaId' in 'where clause'
   at MySql.Data.MySqlClient.MySqlStream.ReadPacket()
   at MySql.Data.MySqlClient.NativeDriver.GetResult(Int32& affectedRow, Int64& insertedId)
   at MySql.Data.MySqlClient.Driver.NextResult(Int32 statementId, Boolean force)
   at MySql.Data.MySqlClient.MySqlDataReader.NextResult()
   at MySql.Data.MySqlClient.MySqlCommand.ExecuteReader(CommandBehavior behavior)
   at System.Data.Common.DbCommand.System.Data.IDbCommand.ExecuteReader(CommandBehavior behavior)
   at Dapper.SqlMapper.ExecuteReaderWithFlagsFallback(IDbCommand cmd, Boolean wasClosed, CommandBehavior behavior) in C:\projects\dapper\Dapper\SqlMapper.cs:line 1053
   at Dapper.SqlMapper.QueryImpl[T](IDbConnection cnn, CommandDefinition command, Type effectiveType)+MoveNext() in C:\projects\dapper\Dapper\SqlMapper.cs:line 1081
   at System.Collections.Generic.List`1.AddEnumerable(IEnumerable`1 enumerable)
   at System.Linq.Enumerable.ToList[TSource](IEnumerable`1 source)
   at Dapper.SqlMapper.Query[T](IDbConnection cnn, String sql, Object param, IDbTransaction transaction, Boolean buffered, Nullable`1 commandTimeout, Nullable`1 commandType) in C:\projects\dapper\Dapper\SqlMapper.cs:line 723
   at ModelBase.Base.Dapper.DataBase.Query[T](String sql, Object param) in F:\NPC\私人\王辉\BaiShengGuangDianNpc\ModelBase\Base\Dapper\DataBase.cs:line 20
   at ApiFlowCardManagement.Controllers.RawMateriaSpecificationController.GetRawMateriaSpecification(String rawMateriaId) in F:\NPC\私人\王辉\BaiShengGuangDianManager\ApiFlowCardManagement\Controllers\RawMateriaSpecificationController.cs:line 65
   at lambda_method(Closure , Object , Object[] )
   at Microsoft.Extensions.Internal.ObjectMethodExecutor.Execute(Object target, Object[] parameters)
   at Microsoft.AspNetCore.Mvc.Internal.ActionMethodExecutor.SyncObjectResultExecutor.Execute(IActionResultTypeMapper mapper, ObjectMethodExecutor executor, Object controller, Object[] arguments)
   at Microsoft.AspNetCore.Mvc.Internal.ControllerActionInvoker.InvokeActionMethodAsync()
   at Microsoft.AspNetCore.Mvc.Internal.ControllerActionInvoker.InvokeNextActionFilterAsync()
   at Microsoft.AspNetCore.Mvc.Internal.ControllerActionInvoker.Rethrow(ActionExecutedContext context)
   at Microsoft.AspNetCore.Mvc.Internal.ControllerActionInvoker.Next(State& next, Scope& scope, Object& state, Boolean& isCompleted)
   at Microsoft.AspNetCore.Mvc.Internal.ControllerActionInvoker.InvokeInnerFilterAsync()
   at Microsoft.AspNetCore.Mvc.Internal.ResourceInvoker.InvokeNextExceptionFilterAsync()
2019-03-21 11:28:29,841 [17] ERROR ModelBase - GlobalException:Fatal error encountered during command execution.
   at MySql.Data.MySqlClient.MySqlCommand.ExecuteReader(CommandBehavior behavior)
   at MySql.Data.MySqlClient.MySqlCommand.ExecuteNonQuery()
   at Dapper.SqlMapper.ExecuteCommand(IDbConnection cnn, CommandDefinition& command, Action`2 paramReader) in C:\projects\dapper\Dapper\SqlMapper.cs:line 2827
   at Dapper.SqlMapper.ExecuteImpl(IDbConnection cnn, CommandDefinition& command) in C:\projects\dapper\Dapper\SqlMapper.cs:line 570
   at Dapper.SqlMapper.Execute(IDbConnection cnn, String sql, Object param, IDbTransaction transaction, Nullable`1 commandTimeout, Nullable`1 commandType) in C:\projects\dapper\Dapper\SqlMapper.cs:line 443
   at ModelBase.Base.Dapper.DataBase.Execute(String sql, Object param) in F:\NPC\私人\王辉\BaiShengGuangDianNpc\ModelBase\Base\Dapper\DataBase.cs:line 28
   at ApiFlowCardManagement.Controllers.RawMateriaSpecificationController.PutRawMateriaSpecification(Int32 id, RawMateriaSpecification rawmateriaSpecification) in F:\NPC\私人\王辉\BaiShengGuangDianManager\ApiFlowCardManagement\Controllers\RawMateriaSpecificationController.cs:line 99
   at lambda_method(Closure , Object , Object[] )
   at Microsoft.Extensions.Internal.ObjectMethodExecutor.Execute(Object target, Object[] parameters)
   at Microsoft.AspNetCore.Mvc.Internal.ActionMethodExecutor.SyncObjectResultExecutor.Execute(IActionResultTypeMapper mapper, ObjectMethodExecutor executor, Object controller, Object[] arguments)
   at Microsoft.AspNetCore.Mvc.Internal.ControllerActionInvoker.InvokeActionMethodAsync()
   at Microsoft.AspNetCore.Mvc.Internal.ControllerActionInvoker.InvokeNextActionFilterAsync()
   at Microsoft.AspNetCore.Mvc.Internal.ControllerActionInvoker.Rethrow(ActionExecutedContext context)
   at Microsoft.AspNetCore.Mvc.Internal.ControllerActionInvoker.Next(State& next, Scope& scope, Object& state, Boolean& isCompleted)
   at Microsoft.AspNetCore.Mvc.Internal.ControllerActionInvoker.InvokeInnerFilterAsync()
   at Microsoft.AspNetCore.Mvc.Internal.ResourceInvoker.InvokeNextExceptionFilterAsync()
2019-03-21 11:29:02,329 [16] ERROR ModelBase - GlobalException:Fatal error encountered during command execution.
   at MySql.Data.MySqlClient.MySqlCommand.ExecuteReader(CommandBehavior behavior)
   at MySql.Data.MySqlClient.MySqlCommand.ExecuteNonQuery()
   at Dapper.SqlMapper.ExecuteCommand(IDbConnection cnn, CommandDefinition& command, Action`2 paramReader) in C:\projects\dapper\Dapper\SqlMapper.cs:line 2827
   at Dapper.SqlMapper.ExecuteImpl(IDbConnection cnn, CommandDefinition& command) in C:\projects\dapper\Dapper\SqlMapper.cs:line 570
   at Dapper.SqlMapper.Execute(IDbConnection cnn, String sql, Object param, IDbTransaction transaction, Nullable`1 commandTimeout, Nullable`1 commandType) in C:\projects\dapper\Dapper\SqlMapper.cs:line 443
   at ModelBase.Base.Dapper.DataBase.Execute(String sql, Object param) in F:\NPC\私人\王辉\BaiShengGuangDianNpc\ModelBase\Base\Dapper\DataBase.cs:line 28
   at ApiFlowCardManagement.Controllers.RawMateriaSpecificationController.PutRawMateriaSpecification(Int32 id, RawMateriaSpecification rawmateriaSpecification) in F:\NPC\私人\王辉\BaiShengGuangDianManager\ApiFlowCardManagement\Controllers\RawMateriaSpecificationController.cs:line 99
   at lambda_method(Closure , Object , Object[] )
   at Microsoft.Extensions.Internal.ObjectMethodExecutor.Execute(Object target, Object[] parameters)
   at Microsoft.AspNetCore.Mvc.Internal.ActionMethodExecutor.SyncObjectResultExecutor.Execute(IActionResultTypeMapper mapper, ObjectMethodExecutor executor, Object controller, Object[] arguments)
   at Microsoft.AspNetCore.Mvc.Internal.ControllerActionInvoker.InvokeActionMethodAsync()
   at Microsoft.AspNetCore.Mvc.Internal.ControllerActionInvoker.InvokeNextActionFilterAsync()
   at Microsoft.AspNetCore.Mvc.Internal.ControllerActionInvoker.Rethrow(ActionExecutedContext context)
   at Microsoft.AspNetCore.Mvc.Internal.ControllerActionInvoker.Next(State& next, Scope& scope, Object& state, Boolean& isCompleted)
   at Microsoft.AspNetCore.Mvc.Internal.ControllerActionInvoker.InvokeInnerFilterAsync()
   at Microsoft.AspNetCore.Mvc.Internal.ResourceInvoker.InvokeNextExceptionFilterAsync()
2019-03-21 11:42:52,322 [7] ERROR ModelBase - GlobalException:Object reference not set to an instance of an object.
   at MySql.Data.MySqlClient.MySqlConnection.get_ServerThread()
   at MySql.Data.MySqlClient.MySqlConnection.Abort()
   at MySql.Data.MySqlClient.MySqlCommand.ExecuteReader(CommandBehavior behavior)
   at System.Data.Common.DbCommand.System.Data.IDbCommand.ExecuteReader(CommandBehavior behavior)
   at Dapper.SqlMapper.ExecuteReaderWithFlagsFallback(IDbCommand cmd, Boolean wasClosed, CommandBehavior behavior) in C:\projects\dapper\Dapper\SqlMapper.cs:line 1053
   at Dapper.SqlMapper.QueryImpl[T](IDbConnection cnn, CommandDefinition command, Type effectiveType)+MoveNext() in C:\projects\dapper\Dapper\SqlMapper.cs:line 1081
   at System.Collections.Generic.List`1.AddEnumerable(IEnumerable`1 enumerable)
   at System.Linq.Enumerable.ToList[TSource](IEnumerable`1 source)
   at Dapper.SqlMapper.Query[T](IDbConnection cnn, String sql, Object param, IDbTransaction transaction, Boolean buffered, Nullable`1 commandTimeout, Nullable`1 commandType) in C:\projects\dapper\Dapper\SqlMapper.cs:line 723
   at ModelBase.Base.Dapper.DataBase.Query[T](String sql, Object param) in F:\NPC\私人\王辉\BaiShengGuangDianNpc\ModelBase\Base\Dapper\DataBase.cs:line 20
   at ApiFlowCardManagement.Controllers.RawMateriaSpecificationController.PostRawMateriaSpecification(List`1 rawMateriaSpecifications) in F:\NPC\私人\王辉\BaiShengGuangDianManager\ApiFlowCardManagement\Controllers\RawMateriaSpecificationController.cs:line 142
   at lambda_method(Closure , Object , Object[] )
   at Microsoft.Extensions.Internal.ObjectMethodExecutor.Execute(Object target, Object[] parameters)
   at Microsoft.AspNetCore.Mvc.Internal.ActionMethodExecutor.SyncObjectResultExecutor.Execute(IActionResultTypeMapper mapper, ObjectMethodExecutor executor, Object controller, Object[] arguments)
   at Microsoft.AspNetCore.Mvc.Internal.ControllerActionInvoker.InvokeActionMethodAsync()
   at Microsoft.AspNetCore.Mvc.Internal.ControllerActionInvoker.InvokeNextActionFilterAsync()
   at Microsoft.AspNetCore.Mvc.Internal.ControllerActionInvoker.Rethrow(ActionExecutedContext context)
   at Microsoft.AspNetCore.Mvc.Internal.ControllerActionInvoker.Next(State& next, Scope& scope, Object& state, Boolean& isCompleted)
   at Microsoft.AspNetCore.Mvc.Internal.ControllerActionInvoker.InvokeInnerFilterAsync()
   at Microsoft.AspNetCore.Mvc.Internal.ResourceInvoker.InvokeNextExceptionFilterAsync()
